<?xml version="1.0" encoding="UTF-8"?>
<!-- Generated by org.testng.reporters.JUnitXMLReporter -->
<testsuite ignored="0" hostname="Salmans-MacBook-Pro.local" failures="1" tests="1" name="firefox Test" time="22.472" errors="0" timestamp="2024-05-13T03:09:05 AEST">
  <testcase classname="TestCases.Test1" name="Action" time="20.136">
    <failure type="java.lang.AssertionError" message="expected:&amp;lt;&amp;gt; but was:&amp;lt;Dashboard&amp;gt;">
      <![CDATA[java.lang.AssertionError: expected:<> but was:<Dashboard>
at TestCases.Test1.Action(Test1.java:69)
at java.base/java.util.ArrayList.forEach(ArrayList.java:1511)
at java.base/java.util.concurrent.FutureTask.run(FutureTask.java:317)
at java.base/java.util.concurrent.ThreadPoolExecutor.runWorker(ThreadPoolExecutor.java:1144)
at java.base/java.util.concurrent.ThreadPoolExecutor$Worker.run(ThreadPoolExecutor.java:642)
at java.base/java.lang.Thread.run(Thread.java:1623)
... Removed 17 stack frames]]>
    </failure>
  </testcase> <!-- Action -->
</testsuite> <!-- firefox Test -->
