<?xml version="1.0" encoding="UTF-8"?>
<testng-results ignored="0" total="1" passed="1" failed="0" skipped="0">
  <reporter-output>
  </reporter-output>
  <suite started-at="2024-05-13T02:20:13 AEST" name="Default suite" finished-at="2024-05-13T02:20:26 AEST" duration-ms="13634">
    <groups>
    </groups>
    <test started-at="2024-05-13T02:20:13 AEST" name="Default test" finished-at="2024-05-13T02:20:26 AEST" duration-ms="13634">
      <class name="TestCases.Test1">
        <test-method is-config="true" signature="beforeMethod()[pri:0, instance:TestCases.Test1@7fa98a66]" started-at="2024-05-13T02:20:13 AEST" name="beforeMethod" finished-at="2024-05-13T02:20:14 AEST" duration-ms="1339" status="PASS">
          <reporter-output>
          </reporter-output>
        </test-method> <!-- beforeMethod -->
        <test-method signature="Action()[pri:0, instance:TestCases.Test1@7fa98a66]" started-at="2024-05-13T02:20:14 AEST" name="Action" finished-at="2024-05-13T02:20:26 AEST" duration-ms="12145" status="PASS">
          <reporter-output>
          </reporter-output>
        </test-method> <!-- Action -->
        <test-method is-config="true" signature="afterMethod()[pri:0, instance:TestCases.Test1@7fa98a66]" started-at="2024-05-13T02:20:26 AEST" name="afterMethod" finished-at="2024-05-13T02:20:26 AEST" duration-ms="136" status="PASS">
          <reporter-output>
          </reporter-output>
        </test-method> <!-- afterMethod -->
      </class> <!-- TestCases.Test1 -->
    </test> <!-- Default test -->
  </suite> <!-- Default suite -->
</testng-results>
